{"/Users/klewandowski/Documents/Projects/RoadTripApp/src/api/GameData.tsx": {"path":"/Users/klewandowski/Documents/Projects/RoadTripApp/src/api/GameData.tsx","statementMap":{"0":{"start":{"line":1,"column":42},"end":{"line":1,"column":97}},"1":{"start":{"line":1,"column":98},"end":{"line":1,"column":160}},"2":{"start":{"line":1,"column":160},"end":{"line":1,"column":209}},"3":{"start":{"line":1,"column":232},"end":{"line":1,"column":304}},"4":{"start":{"line":1,"column":325},"end":{"line":1,"column":394}},"5":{"start":{"line":1,"column":407},"end":{"line":1,"column":422}},"6":{"start":{"line":5,"column":19},"end":{"line":7,"column":18}},"7":{"start":{"line":7,"column":19},"end":{"line":7,"column":55}},"8":{"start":{"line":9,"column":11},"end":{"line":32,"column":165}},"9":{"start":{"line":9,"column":45},"end":{"line":9,"column":91}},"10":{"start":{"line":9,"column":91},"end":{"line":10,"column":36}},"11":{"start":{"line":10,"column":36},"end":{"line":11,"column":42}},"12":{"start":{"line":11,"column":43},"end":{"line":32,"column":146}},"13":{"start":{"line":22,"column":6},"end":{"line":22,"column":48}},"14":{"start":{"line":26,"column":6},"end":{"line":26,"column":59}},"15":{"start":{"line":30,"column":6},"end":{"line":30,"column":43}},"16":{"start":{"line":31,"column":6},"end":{"line":31,"column":49}},"17":{"start":{"line":32,"column":48},"end":{"line":32,"column":69}},"18":{"start":{"line":32,"column":116},"end":{"line":32,"column":140}},"19":{"start":{"line":32,"column":146},"end":{"line":32,"column":162}},"20":{"start":{"line":32,"column":166},"end":{"line":32,"column":194}},"21":{"start":{"line":35,"column":0},"end":{"line":42,"column":25}}},"fnMap":{"0":{"name":"(anonymous_0)","decl":{"start":{"line":9,"column":11},"end":{"line":9,"column":12}},"loc":{"start":{"line":9,"column":23},"end":{"line":32,"column":163}},"line":9},"1":{"name":"GameData","decl":{"start":{"line":9,"column":33},"end":{"line":9,"column":41}},"loc":{"start":{"line":9,"column":44},"end":{"line":11,"column":43}},"line":9},"2":{"name":"setQuizzes","decl":{"start":{"line":11,"column":118},"end":{"line":11,"column":128}},"loc":{"start":{"line":21,"column":10},"end":{"line":23,"column":5}},"line":21},"3":{"name":"setChallenges","decl":{"start":{"line":23,"column":49},"end":{"line":23,"column":62}},"loc":{"start":{"line":25,"column":15},"end":{"line":27,"column":5}},"line":25},"4":{"name":"reset","decl":{"start":{"line":27,"column":41},"end":{"line":27,"column":46}},"loc":{"start":{"line":29,"column":4},"end":{"line":32,"column":5}},"line":29},"5":{"name":"get","decl":{"start":{"line":32,"column":41},"end":{"line":32,"column":44}},"loc":{"start":{"line":32,"column":47},"end":{"line":32,"column":70}},"line":32},"6":{"name":"get","decl":{"start":{"line":32,"column":109},"end":{"line":32,"column":112}},"loc":{"start":{"line":32,"column":115},"end":{"line":32,"column":141}},"line":32}},"branchMap":{},"s":{"0":1,"1":1,"2":1,"3":1,"4":1,"5":1,"6":1,"7":1,"8":1,"9":1,"10":1,"11":1,"12":1,"13":2,"14":1,"15":1,"16":1,"17":6,"18":5,"19":1,"20":1,"21":1},"f":{"0":1,"1":1,"2":2,"3":1,"4":1,"5":6,"6":5},"b":{},"inputSourceMap":null,"_coverageSchema":"1a1c01bbd47fc00a2c39e90264f33305004495a9","hash":"0b755d68f092cb6febd3fed5bd112ed280b6b04a"}
,"/Users/klewandowski/Documents/Projects/RoadTripApp/src/api/GameSettings.tsx": {"path":"/Users/klewandowski/Documents/Projects/RoadTripApp/src/api/GameSettings.tsx","statementMap":{"0":{"start":{"line":1,"column":42},"end":{"line":1,"column":97}},"1":{"start":{"line":1,"column":98},"end":{"line":1,"column":160}},"2":{"start":{"line":1,"column":160},"end":{"line":1,"column":217}},"3":{"start":{"line":1,"column":240},"end":{"line":1,"column":312}},"4":{"start":{"line":1,"column":336},"end":{"line":1,"column":408}},"5":{"start":{"line":1,"column":429},"end":{"line":1,"column":498}},"6":{"start":{"line":1,"column":513},"end":{"line":1,"column":530}},"7":{"start":{"line":2,"column":12},"end":{"line":2,"column":27}},"8":{"start":{"line":3,"column":16},"end":{"line":3,"column":35}},"9":{"start":{"line":3,"column":89},"end":{"line":3,"column":108}},"10":{"start":{"line":3,"column":109},"end":{"line":3,"column":354}},"11":{"start":{"line":3,"column":158},"end":{"line":3,"column":194}},"12":{"start":{"line":3,"column":195},"end":{"line":3,"column":322}},"13":{"start":{"line":3,"column":215},"end":{"line":3,"column":322}},"14":{"start":{"line":3,"column":256},"end":{"line":3,"column":319}},"15":{"start":{"line":3,"column":322},"end":{"line":3,"column":353}},"16":{"start":{"line":3,"column":354},"end":{"line":3,"column":366}},"17":{"start":{"line":3,"column":399},"end":{"line":3,"column":868}},"18":{"start":{"line":3,"column":412},"end":{"line":3,"column":413}},"19":{"start":{"line":3,"column":456},"end":{"line":3,"column":496}},"20":{"start":{"line":3,"column":497},"end":{"line":3,"column":867}},"21":{"start":{"line":3,"column":509},"end":{"line":3,"column":614}},"22":{"start":{"line":3,"column":555},"end":{"line":3,"column":611}},"23":{"start":{"line":3,"column":621},"end":{"line":3,"column":867}},"24":{"start":{"line":3,"column":660},"end":{"line":3,"column":734}},"25":{"start":{"line":3,"column":742},"end":{"line":3,"column":866}},"26":{"start":{"line":3,"column":782},"end":{"line":3,"column":863}},"27":{"start":{"line":3,"column":868},"end":{"line":3,"column":882}},"28":{"start":{"line":5,"column":23},"end":{"line":13,"column":22}},"29":{"start":{"line":13,"column":23},"end":{"line":13,"column":67}},"30":{"start":{"line":15,"column":15},"end":{"line":109,"column":671}},"31":{"start":{"line":15,"column":53},"end":{"line":15,"column":103}},"32":{"start":{"line":15,"column":103},"end":{"line":16,"column":60}},"33":{"start":{"line":16,"column":60},"end":{"line":17,"column":50}},"34":{"start":{"line":17,"column":50},"end":{"line":18,"column":60}},"35":{"start":{"line":18,"column":60},"end":{"line":19,"column":36}},"36":{"start":{"line":19,"column":36},"end":{"line":20,"column":38}},"37":{"start":{"line":20,"column":38},"end":{"line":21,"column":58}},"38":{"start":{"line":21,"column":58},"end":{"line":22,"column":82}},"39":{"start":{"line":22,"column":82},"end":{"line":23,"column":54}},"40":{"start":{"line":23,"column":55},"end":{"line":109,"column":648}},"41":{"start":{"line":30,"column":6},"end":{"line":30,"column":70}},"42":{"start":{"line":31,"column":6},"end":{"line":36,"column":187}},"43":{"start":{"line":49,"column":6},"end":{"line":49,"column":38}},"44":{"start":{"line":57,"column":6},"end":{"line":57,"column":33}},"45":{"start":{"line":65,"column":6},"end":{"line":65,"column":27}},"46":{"start":{"line":73,"column":6},"end":{"line":73,"column":48}},"47":{"start":{"line":81,"column":6},"end":{"line":88,"column":7}},"48":{"start":{"line":82,"column":8},"end":{"line":84,"column":54}},"49":{"start":{"line":87,"column":8},"end":{"line":87,"column":60}},"50":{"start":{"line":89,"column":6},"end":{"line":89,"column":37}},"51":{"start":{"line":97,"column":6},"end":{"line":97,"column":49}},"52":{"start":{"line":101,"column":6},"end":{"line":101,"column":67}},"53":{"start":{"line":102,"column":6},"end":{"line":102,"column":57}},"54":{"start":{"line":103,"column":6},"end":{"line":103,"column":67}},"55":{"start":{"line":104,"column":6},"end":{"line":104,"column":43}},"56":{"start":{"line":105,"column":6},"end":{"line":105,"column":45}},"57":{"start":{"line":106,"column":6},"end":{"line":106,"column":65}},"58":{"start":{"line":107,"column":6},"end":{"line":107,"column":89}},"59":{"start":{"line":108,"column":6},"end":{"line":108,"column":61}},"60":{"start":{"line":109,"column":58},"end":{"line":109,"column":89}},"61":{"start":{"line":109,"column":140},"end":{"line":109,"column":168}},"62":{"start":{"line":109,"column":222},"end":{"line":109,"column":253}},"63":{"start":{"line":109,"column":302},"end":{"line":109,"column":328}},"64":{"start":{"line":109,"column":370},"end":{"line":109,"column":389}},"65":{"start":{"line":109,"column":432},"end":{"line":109,"column":452}},"66":{"start":{"line":109,"column":505},"end":{"line":109,"column":535}},"67":{"start":{"line":109,"column":600},"end":{"line":109,"column":642}},"68":{"start":{"line":109,"column":648},"end":{"line":109,"column":668}},"69":{"start":{"line":109,"column":672},"end":{"line":109,"column":708}},"70":{"start":{"line":112,"column":0},"end":{"line":137,"column":25}}},"fnMap":{"0":{"name":"ownKeys","decl":{"start":{"line":3,"column":45},"end":{"line":3,"column":52}},"loc":{"start":{"line":3,"column":77},"end":{"line":3,"column":367}},"line":3},"1":{"name":"(anonymous_1)","decl":{"start":{"line":3,"column":240},"end":{"line":3,"column":241}},"loc":{"start":{"line":3,"column":255},"end":{"line":3,"column":320}},"line":3},"2":{"name":"_objectSpread","decl":{"start":{"line":3,"column":376},"end":{"line":3,"column":389}},"loc":{"start":{"line":3,"column":398},"end":{"line":3,"column":883}},"line":3},"3":{"name":"(anonymous_3)","decl":{"start":{"line":3,"column":539},"end":{"line":3,"column":540}},"loc":{"start":{"line":3,"column":554},"end":{"line":3,"column":612}},"line":3},"4":{"name":"(anonymous_4)","decl":{"start":{"line":3,"column":766},"end":{"line":3,"column":767}},"loc":{"start":{"line":3,"column":781},"end":{"line":3,"column":864}},"line":3},"5":{"name":"(anonymous_5)","decl":{"start":{"line":15,"column":15},"end":{"line":15,"column":16}},"loc":{"start":{"line":15,"column":27},"end":{"line":109,"column":669}},"line":15},"6":{"name":"GameSettings","decl":{"start":{"line":15,"column":37},"end":{"line":15,"column":49}},"loc":{"start":{"line":15,"column":52},"end":{"line":23,"column":55}},"line":15},"7":{"name":"setAnsweredQuestions","decl":{"start":{"line":23,"column":144},"end":{"line":23,"column":164}},"loc":{"start":{"line":29,"column":31},"end":{"line":38,"column":5}},"line":29},"8":{"name":"setIsLocationChanged","decl":{"start":{"line":38,"column":56},"end":{"line":38,"column":76}},"loc":{"start":{"line":48,"column":11},"end":{"line":50,"column":5}},"line":48},"9":{"name":"setIsGameActive","decl":{"start":{"line":50,"column":51},"end":{"line":50,"column":66}},"loc":{"start":{"line":56,"column":11},"end":{"line":58,"column":5}},"line":56},"10":{"name":"setScore","decl":{"start":{"line":58,"column":44},"end":{"line":58,"column":52}},"loc":{"start":{"line":64,"column":11},"end":{"line":66,"column":5}},"line":64},"11":{"name":"setBadges","decl":{"start":{"line":66,"column":45},"end":{"line":66,"column":54}},"loc":{"start":{"line":72,"column":11},"end":{"line":74,"column":5}},"line":72},"12":{"name":"setReminder","decl":{"start":{"line":74,"column":47},"end":{"line":74,"column":58}},"loc":{"start":{"line":80,"column":11},"end":{"line":90,"column":5}},"line":80},"13":{"name":"setLocationNotification","decl":{"start":{"line":90,"column":59},"end":{"line":90,"column":82}},"loc":{"start":{"line":96,"column":11},"end":{"line":98,"column":5}},"line":96},"14":{"name":"reset","decl":{"start":{"line":98,"column":41},"end":{"line":98,"column":46}},"loc":{"start":{"line":100,"column":4},"end":{"line":109,"column":5}},"line":100},"15":{"name":"get","decl":{"start":{"line":109,"column":51},"end":{"line":109,"column":54}},"loc":{"start":{"line":109,"column":57},"end":{"line":109,"column":90}},"line":109},"16":{"name":"get","decl":{"start":{"line":109,"column":133},"end":{"line":109,"column":136}},"loc":{"start":{"line":109,"column":139},"end":{"line":109,"column":169}},"line":109},"17":{"name":"get","decl":{"start":{"line":109,"column":215},"end":{"line":109,"column":218}},"loc":{"start":{"line":109,"column":221},"end":{"line":109,"column":254}},"line":109},"18":{"name":"get","decl":{"start":{"line":109,"column":295},"end":{"line":109,"column":298}},"loc":{"start":{"line":109,"column":301},"end":{"line":109,"column":329}},"line":109},"19":{"name":"get","decl":{"start":{"line":109,"column":363},"end":{"line":109,"column":366}},"loc":{"start":{"line":109,"column":369},"end":{"line":109,"column":390}},"line":109},"20":{"name":"get","decl":{"start":{"line":109,"column":425},"end":{"line":109,"column":428}},"loc":{"start":{"line":109,"column":431},"end":{"line":109,"column":453}},"line":109},"21":{"name":"get","decl":{"start":{"line":109,"column":498},"end":{"line":109,"column":501}},"loc":{"start":{"line":109,"column":504},"end":{"line":109,"column":536}},"line":109},"22":{"name":"get","decl":{"start":{"line":109,"column":593},"end":{"line":109,"column":596}},"loc":{"start":{"line":109,"column":599},"end":{"line":109,"column":643}},"line":109}},"branchMap":{"0":{"loc":{"start":{"line":3,"column":109},"end":{"line":3,"column":354}},"type":"if","locations":[{"start":{"line":3,"column":109},"end":{"line":3,"column":354}},{"start":{"line":3,"column":109},"end":{"line":3,"column":354}}],"line":3},"1":{"loc":{"start":{"line":3,"column":195},"end":{"line":3,"column":322}},"type":"if","locations":[{"start":{"line":3,"column":195},"end":{"line":3,"column":322}},{"start":{"line":3,"column":195},"end":{"line":3,"column":322}}],"line":3},"2":{"loc":{"start":{"line":3,"column":456},"end":{"line":3,"column":496}},"type":"cond-expr","locations":[{"start":{"line":3,"column":479},"end":{"line":3,"column":491}},{"start":{"line":3,"column":494},"end":{"line":3,"column":496}}],"line":3},"3":{"loc":{"start":{"line":3,"column":497},"end":{"line":3,"column":867}},"type":"if","locations":[{"start":{"line":3,"column":497},"end":{"line":3,"column":867}},{"start":{"line":3,"column":497},"end":{"line":3,"column":867}}],"line":3},"4":{"loc":{"start":{"line":3,"column":621},"end":{"line":3,"column":867}},"type":"if","locations":[{"start":{"line":3,"column":621},"end":{"line":3,"column":867}},{"start":{"line":3,"column":621},"end":{"line":3,"column":867}}],"line":3},"5":{"loc":{"start":{"line":33,"column":27},"end":{"line":35,"column":9}},"type":"cond-expr","locations":[{"start":{"line":34,"column":8},"end":{"line":34,"column":63}},{"start":{"line":35,"column":8},"end":{"line":35,"column":9}}],"line":33},"6":{"loc":{"start":{"line":33,"column":28},"end":{"line":33,"column":146}},"type":"cond-expr","locations":[{"start":{"line":33,"column":98},"end":{"line":33,"column":104}},{"start":{"line":33,"column":107},"end":{"line":33,"column":146}}],"line":33},"7":{"loc":{"start":{"line":36,"column":15},"end":{"line":36,"column":183}},"type":"cond-expr","locations":[{"start":{"line":36,"column":128},"end":{"line":36,"column":175}},{"start":{"line":36,"column":178},"end":{"line":36,"column":183}}],"line":36},"8":{"loc":{"start":{"line":36,"column":16},"end":{"line":36,"column":124}},"type":"cond-expr","locations":[{"start":{"line":36,"column":87},"end":{"line":36,"column":93}},{"start":{"line":36,"column":96},"end":{"line":36,"column":124}}],"line":36},"9":{"loc":{"start":{"line":81,"column":6},"end":{"line":88,"column":7}},"type":"if","locations":[{"start":{"line":81,"column":6},"end":{"line":88,"column":7}},{"start":{"line":81,"column":6},"end":{"line":88,"column":7}}],"line":81}},"s":{"0":1,"1":1,"2":1,"3":1,"4":1,"5":1,"6":1,"7":1,"8":1,"9":1,"10":1,"11":1,"12":1,"13":1,"14":0,"15":1,"16":1,"17":1,"18":1,"19":2,"20":2,"21":1,"22":0,"23":1,"24":1,"25":0,"26":0,"27":1,"28":1,"29":1,"30":1,"31":1,"32":1,"33":1,"34":1,"35":1,"36":1,"37":1,"38":1,"39":1,"40":1,"41":1,"42":1,"43":1,"44":1,"45":2,"46":2,"47":2,"48":1,"49":1,"50":2,"51":1,"52":1,"53":1,"54":1,"55":1,"56":1,"57":1,"58":1,"59":1,"60":3,"61":3,"62":3,"63":3,"64":3,"65":3,"66":4,"67":3,"68":1,"69":1,"70":1},"f":{"0":1,"1":0,"2":1,"3":0,"4":0,"5":1,"6":1,"7":1,"8":1,"9":1,"10":2,"11":2,"12":2,"13":1,"14":1,"15":3,"16":3,"17":3,"18":3,"19":3,"20":3,"21":4,"22":3},"b":{"0":[1,0],"1":[1,0],"2":[1,1],"3":[1,1],"4":[1,0],"5":[0,1],"6":[1,0],"7":[0,1],"8":[1,0],"9":[1,1]},"inputSourceMap":null,"_coverageSchema":"1a1c01bbd47fc00a2c39e90264f33305004495a9","hash":"a60a4de6a8e1f119c0a56b0275554c2b758b932a"}
,"/Users/klewandowski/Documents/Projects/RoadTripApp/src/api/Location.tsx": {"path":"/Users/klewandowski/Documents/Projects/RoadTripApp/src/api/Location.tsx","statementMap":{"0":{"start":{"line":1,"column":42},"end":{"line":1,"column":97}},"1":{"start":{"line":1,"column":98},"end":{"line":1,"column":160}},"2":{"start":{"line":1,"column":160},"end":{"line":1,"column":209}},"3":{"start":{"line":1,"column":232},"end":{"line":1,"column":304}},"4":{"start":{"line":1,"column":325},"end":{"line":1,"column":394}},"5":{"start":{"line":1,"column":407},"end":{"line":1,"column":422}},"6":{"start":{"line":5,"column":19},"end":{"line":8,"column":22}},"7":{"start":{"line":8,"column":23},"end":{"line":8,"column":59}},"8":{"start":{"line":10,"column":11},"end":{"line":39,"column":262}},"9":{"start":{"line":10,"column":45},"end":{"line":10,"column":91}},"10":{"start":{"line":10,"column":91},"end":{"line":11,"column":48}},"11":{"start":{"line":11,"column":48},"end":{"line":13,"column":48}},"12":{"start":{"line":13,"column":48},"end":{"line":15,"column":50}},"13":{"start":{"line":15,"column":51},"end":{"line":39,"column":243}},"14":{"start":{"line":30,"column":6},"end":{"line":30,"column":54}},"15":{"start":{"line":31,"column":6},"end":{"line":31,"column":54}},"16":{"start":{"line":32,"column":6},"end":{"line":32,"column":56}},"17":{"start":{"line":36,"column":6},"end":{"line":36,"column":55}},"18":{"start":{"line":37,"column":6},"end":{"line":37,"column":55}},"19":{"start":{"line":38,"column":6},"end":{"line":38,"column":57}},"20":{"start":{"line":39,"column":54},"end":{"line":39,"column":81}},"21":{"start":{"line":39,"column":131},"end":{"line":39,"column":158}},"22":{"start":{"line":39,"column":209},"end":{"line":39,"column":237}},"23":{"start":{"line":39,"column":243},"end":{"line":39,"column":259}},"24":{"start":{"line":39,"column":263},"end":{"line":39,"column":291}},"25":{"start":{"line":42,"column":0},"end":{"line":50,"column":25}}},"fnMap":{"0":{"name":"(anonymous_0)","decl":{"start":{"line":10,"column":11},"end":{"line":10,"column":12}},"loc":{"start":{"line":10,"column":23},"end":{"line":39,"column":260}},"line":10},"1":{"name":"Location","decl":{"start":{"line":10,"column":33},"end":{"line":10,"column":41}},"loc":{"start":{"line":10,"column":44},"end":{"line":15,"column":51}},"line":10},"2":{"name":"setLocationData","decl":{"start":{"line":15,"column":131},"end":{"line":15,"column":146}},"loc":{"start":{"line":29,"column":17},"end":{"line":33,"column":5}},"line":29},"3":{"name":"reset","decl":{"start":{"line":33,"column":41},"end":{"line":33,"column":46}},"loc":{"start":{"line":35,"column":4},"end":{"line":39,"column":5}},"line":35},"4":{"name":"get","decl":{"start":{"line":39,"column":47},"end":{"line":39,"column":50}},"loc":{"start":{"line":39,"column":53},"end":{"line":39,"column":82}},"line":39},"5":{"name":"get","decl":{"start":{"line":39,"column":124},"end":{"line":39,"column":127}},"loc":{"start":{"line":39,"column":130},"end":{"line":39,"column":159}},"line":39},"6":{"name":"get","decl":{"start":{"line":39,"column":202},"end":{"line":39,"column":205}},"loc":{"start":{"line":39,"column":208},"end":{"line":39,"column":238}},"line":39}},"branchMap":{},"s":{"0":1,"1":1,"2":1,"3":1,"4":1,"5":1,"6":1,"7":1,"8":1,"9":1,"10":1,"11":1,"12":1,"13":1,"14":2,"15":2,"16":2,"17":1,"18":1,"19":1,"20":3,"21":3,"22":3,"23":1,"24":1,"25":1},"f":{"0":1,"1":1,"2":2,"3":1,"4":3,"5":3,"6":3},"b":{},"inputSourceMap":null,"_coverageSchema":"1a1c01bbd47fc00a2c39e90264f33305004495a9","hash":"1aabfff9d0b57b45513338d226641a9f907784ff"}
,"/Users/klewandowski/Documents/Projects/RoadTripApp/src/locale/en.js": {"path":"/Users/klewandowski/Documents/Projects/RoadTripApp/src/locale/en.js","statementMap":{"0":{"start":{"line":1,"column":0},"end":{"line":86,"column":145}}},"fnMap":{},"branchMap":{},"s":{"0":1},"f":{},"b":{},"inputSourceMap":null,"_coverageSchema":"1a1c01bbd47fc00a2c39e90264f33305004495a9","hash":"89e47906a2dfdedbd54601f8bf235cfa449e2987"}
,"/Users/klewandowski/Documents/Projects/RoadTripApp/src/locale/i18n.ts": {"path":"/Users/klewandowski/Documents/Projects/RoadTripApp/src/locale/i18n.ts","statementMap":{"0":{"start":{"line":1,"column":43},"end":{"line":1,"column":99}},"1":{"start":{"line":1,"column":129},"end":{"line":1,"column":184}},"2":{"start":{"line":1,"column":185},"end":{"line":1,"column":247}},"3":{"start":{"line":1,"column":247},"end":{"line":1,"column":272}},"4":{"start":{"line":1,"column":287},"end":{"line":1,"column":329}},"5":{"start":{"line":2,"column":20},"end":{"line":2,"column":44}},"6":{"start":{"line":3,"column":17},"end":{"line":3,"column":74}},"7":{"start":{"line":8,"column":23},"end":{"line":13,"column":66}},"8":{"start":{"line":11,"column":29},"end":{"line":11,"column":76}},"9":{"start":{"line":12,"column":25},"end":{"line":12,"column":37}},"10":{"start":{"line":13,"column":51},"end":{"line":13,"column":63}},"11":{"start":{"line":16,"column":0},"end":{"line":28,"column":20}},"12":{"start":{"line":31,"column":0},"end":{"line":31,"column":16}},"13":{"start":{"line":31,"column":17},"end":{"line":31,"column":44}}},"fnMap":{"0":{"name":"detect","decl":{"start":{"line":11,"column":19},"end":{"line":11,"column":25}},"loc":{"start":{"line":11,"column":28},"end":{"line":11,"column":77}},"line":11},"1":{"name":"init","decl":{"start":{"line":12,"column":17},"end":{"line":12,"column":21}},"loc":{"start":{"line":12,"column":24},"end":{"line":12,"column":38}},"line":12},"2":{"name":"cacheUserLanguage","decl":{"start":{"line":13,"column":30},"end":{"line":13,"column":47}},"loc":{"start":{"line":13,"column":50},"end":{"line":13,"column":64}},"line":13}},"branchMap":{},"s":{"0":1,"1":1,"2":1,"3":1,"4":1,"5":1,"6":1,"7":1,"8":0,"9":1,"10":1,"11":1,"12":1,"13":1},"f":{"0":0,"1":1,"2":1},"b":{},"inputSourceMap":null,"_coverageSchema":"1a1c01bbd47fc00a2c39e90264f33305004495a9","hash":"dea9854277dc48e7c4adb0280fe3317ae64498e3"}
,"/Users/klewandowski/Documents/Projects/RoadTripApp/src/locale/index.ts": {"path":"/Users/klewandowski/Documents/Projects/RoadTripApp/src/locale/index.ts","statementMap":{"0":{"start":{"line":1,"column":42},"end":{"line":1,"column":97}},"1":{"start":{"line":1,"column":98},"end":{"line":1,"column":160}},"2":{"start":{"line":1,"column":160},"end":{"line":1,"column":266}},"3":{"start":{"line":1,"column":240},"end":{"line":1,"column":261}},"4":{"start":{"line":1,"column":278},"end":{"line":1,"column":319}}},"fnMap":{"0":{"name":"get","decl":{"start":{"line":1,"column":233},"end":{"line":1,"column":236}},"loc":{"start":{"line":1,"column":239},"end":{"line":1,"column":262}},"line":1}},"branchMap":{},"s":{"0":1,"1":1,"2":1,"3":2,"4":1},"f":{"0":2},"b":{},"inputSourceMap":null,"_coverageSchema":"1a1c01bbd47fc00a2c39e90264f33305004495a9","hash":"d460aa5a4b493e7998170842b16894ad8d45da8d"}
,"/Users/klewandowski/Documents/Projects/RoadTripApp/src/locale/pl.js": {"path":"/Users/klewandowski/Documents/Projects/RoadTripApp/src/locale/pl.js","statementMap":{"0":{"start":{"line":1,"column":0},"end":{"line":92,"column":155}}},"fnMap":{},"branchMap":{},"s":{"0":1},"f":{},"b":{},"inputSourceMap":null,"_coverageSchema":"1a1c01bbd47fc00a2c39e90264f33305004495a9","hash":"d78d0dbba7458bfc0d2b7f1a26bca9acaa6367ba"}
,"/Users/klewandowski/Documents/Projects/RoadTripApp/src/services/FirebaseService.tsx": {"path":"/Users/klewandowski/Documents/Projects/RoadTripApp/src/services/FirebaseService.tsx","statementMap":{"0":{"start":{"line":1,"column":42},"end":{"line":1,"column":97}},"1":{"start":{"line":1,"column":98},"end":{"line":1,"column":160}},"2":{"start":{"line":1,"column":160},"end":{"line":1,"column":235}},"3":{"start":{"line":1,"column":252},"end":{"line":1,"column":319}},"4":{"start":{"line":2,"column":19},"end":{"line":2,"column":88}},"5":{"start":{"line":4,"column":18},"end":{"line":9,"column":1}},"6":{"start":{"line":5,"column":2},"end":{"line":7,"column":3}},"7":{"start":{"line":6,"column":4},"end":{"line":6,"column":11}},"8":{"start":{"line":8,"column":2},"end":{"line":8,"column":49}},"9":{"start":{"line":9,"column":2},"end":{"line":9,"column":36}},"10":{"start":{"line":11,"column":23},"end":{"line":16,"column":1}},"11":{"start":{"line":12,"column":2},"end":{"line":14,"column":3}},"12":{"start":{"line":13,"column":4},"end":{"line":13,"column":11}},"13":{"start":{"line":15,"column":2},"end":{"line":15,"column":39}},"14":{"start":{"line":16,"column":2},"end":{"line":16,"column":46}},"15":{"start":{"line":18,"column":15},"end":{"line":23,"column":1}},"16":{"start":{"line":19,"column":2},"end":{"line":21,"column":3}},"17":{"start":{"line":20,"column":4},"end":{"line":20,"column":11}},"18":{"start":{"line":22,"column":2},"end":{"line":22,"column":51}},"19":{"start":{"line":23,"column":2},"end":{"line":23,"column":30}}},"fnMap":{"0":{"name":"reportError","decl":{"start":{"line":4,"column":27},"end":{"line":4,"column":38}},"loc":{"start":{"line":4,"column":46},"end":{"line":9,"column":1}},"line":4},"1":{"name":"logToCrashlytics","decl":{"start":{"line":11,"column":32},"end":{"line":11,"column":48}},"loc":{"start":{"line":11,"column":54},"end":{"line":16,"column":1}},"line":11},"2":{"name":"logEvent","decl":{"start":{"line":18,"column":24},"end":{"line":18,"column":32}},"loc":{"start":{"line":18,"column":47},"end":{"line":23,"column":1}},"line":18}},"branchMap":{"0":{"loc":{"start":{"line":5,"column":2},"end":{"line":7,"column":3}},"type":"if","locations":[{"start":{"line":5,"column":2},"end":{"line":7,"column":3}},{"start":{"line":5,"column":2},"end":{"line":7,"column":3}}],"line":5},"1":{"loc":{"start":{"line":12,"column":2},"end":{"line":14,"column":3}},"type":"if","locations":[{"start":{"line":12,"column":2},"end":{"line":14,"column":3}},{"start":{"line":12,"column":2},"end":{"line":14,"column":3}}],"line":12},"2":{"loc":{"start":{"line":19,"column":2},"end":{"line":21,"column":3}},"type":"if","locations":[{"start":{"line":19,"column":2},"end":{"line":21,"column":3}},{"start":{"line":19,"column":2},"end":{"line":21,"column":3}}],"line":19}},"s":{"0":1,"1":1,"2":1,"3":1,"4":1,"5":1,"6":0,"7":0,"8":0,"9":1,"10":1,"11":0,"12":0,"13":0,"14":1,"15":1,"16":0,"17":0,"18":0,"19":1},"f":{"0":0,"1":0,"2":0},"b":{"0":[0,0],"1":[0,0],"2":[0,0]},"inputSourceMap":null,"_coverageSchema":"1a1c01bbd47fc00a2c39e90264f33305004495a9","hash":"4f92a2c398a7ade8f75e81d3b72ca53b1c563ec7"}
,"/Users/klewandowski/Documents/Projects/RoadTripApp/src/services/LocationManager.tsx": {"path":"/Users/klewandowski/Documents/Projects/RoadTripApp/src/services/LocationManager.tsx","statementMap":{"0":{"start":{"line":1,"column":42},"end":{"line":1,"column":97}},"1":{"start":{"line":1,"column":98},"end":{"line":1,"column":160}},"2":{"start":{"line":1,"column":160},"end":{"line":1,"column":185}},"3":{"start":{"line":1,"column":204},"end":{"line":1,"column":265}},"4":{"start":{"line":1,"column":289},"end":{"line":1,"column":361}},"5":{"start":{"line":1,"column":382},"end":{"line":1,"column":451}},"6":{"start":{"line":2,"column":19},"end":{"line":2,"column":42}},"7":{"start":{"line":3,"column":25},"end":{"line":3,"column":79}},"8":{"start":{"line":4,"column":37},"end":{"line":4,"column":104}},"9":{"start":{"line":6,"column":23},"end":{"line":6,"column":51}},"10":{"start":{"line":8,"column":18},"end":{"line":105,"column":212}},"11":{"start":{"line":8,"column":59},"end":{"line":8,"column":112}},"12":{"start":{"line":8,"column":112},"end":{"line":9,"column":19}},"13":{"start":{"line":9,"column":20},"end":{"line":105,"column":186}},"14":{"start":{"line":9,"column":154},"end":{"line":15,"column":169}},"15":{"start":{"line":9,"column":227},"end":{"line":15,"column":166}},"16":{"start":{"line":9,"column":238},"end":{"line":15,"column":165}},"17":{"start":{"line":9,"column":285},"end":{"line":12,"column":81}},"18":{"start":{"line":12,"column":56},"end":{"line":12,"column":74}},"19":{"start":{"line":12,"column":74},"end":{"line":12,"column":80}},"20":{"start":{"line":12,"column":81},"end":{"line":12,"column":99}},"21":{"start":{"line":12,"column":99},"end":{"line":13,"column":121}},"22":{"start":{"line":13,"column":128},"end":{"line":13,"column":164}},"23":{"start":{"line":13,"column":164},"end":{"line":14,"column":61}},"24":{"start":{"line":14,"column":36},"end":{"line":14,"column":54}},"25":{"start":{"line":14,"column":54},"end":{"line":14,"column":60}},"26":{"start":{"line":14,"column":61},"end":{"line":14,"column":79}},"27":{"start":{"line":14,"column":79},"end":{"line":15,"column":123}},"28":{"start":{"line":15,"column":141},"end":{"line":15,"column":164}},"29":{"start":{"line":15,"column":253},"end":{"line":15,"column":257}},"30":{"start":{"line":15,"column":258},"end":{"line":44,"column":77}},"31":{"start":{"line":15,"column":333},"end":{"line":44,"column":62}},"32":{"start":{"line":15,"column":344},"end":{"line":44,"column":61}},"33":{"start":{"line":21,"column":14},"end":{"line":21,"column":39}},"34":{"start":{"line":21,"column":39},"end":{"line":44,"column":18}},"35":{"start":{"line":23,"column":16},"end":{"line":42,"column":81}},"36":{"start":{"line":24,"column":96},"end":{"line":35,"column":178}},"37":{"start":{"line":24,"column":160},"end":{"line":35,"column":153}},"38":{"start":{"line":24,"column":171},"end":{"line":35,"column":152}},"39":{"start":{"line":24,"column":220},"end":{"line":25,"column":120}},"40":{"start":{"line":25,"column":120},"end":{"line":25,"column":139}},"41":{"start":{"line":25,"column":139},"end":{"line":27,"column":77}},"42":{"start":{"line":27,"column":51},"end":{"line":27,"column":70}},"43":{"start":{"line":27,"column":70},"end":{"line":27,"column":76}},"44":{"start":{"line":27,"column":77},"end":{"line":27,"column":96}},"45":{"start":{"line":27,"column":96},"end":{"line":28,"column":74}},"46":{"start":{"line":28,"column":81},"end":{"line":28,"column":107}},"47":{"start":{"line":29,"column":26},"end":{"line":31,"column":27}},"48":{"start":{"line":30,"column":28},"end":{"line":30,"column":46}},"49":{"start":{"line":31,"column":34},"end":{"line":31,"column":54}},"50":{"start":{"line":31,"column":54},"end":{"line":31,"column":60}},"51":{"start":{"line":31,"column":67},"end":{"line":31,"column":86}},"52":{"start":{"line":31,"column":86},"end":{"line":31,"column":123}},"53":{"start":{"line":34,"column":26},"end":{"line":34,"column":96}},"54":{"start":{"line":35,"column":26},"end":{"line":35,"column":108}},"55":{"start":{"line":35,"column":127},"end":{"line":35,"column":151}},"56":{"start":{"line":39,"column":18},"end":{"line":39,"column":87}},"57":{"start":{"line":40,"column":18},"end":{"line":40,"column":40}},"58":{"start":{"line":44,"column":36},"end":{"line":44,"column":60}},"59":{"start":{"line":47,"column":29},"end":{"line":47,"column":33}},"60":{"start":{"line":48,"column":6},"end":{"line":48,"column":31}},"61":{"start":{"line":49,"column":20},"end":{"line":68,"column":115}},"62":{"start":{"line":50,"column":89},"end":{"line":61,"column":186}},"63":{"start":{"line":50,"column":154},"end":{"line":61,"column":161}},"64":{"start":{"line":50,"column":165},"end":{"line":61,"column":160}},"65":{"start":{"line":50,"column":214},"end":{"line":51,"column":112}},"66":{"start":{"line":51,"column":112},"end":{"line":51,"column":131}},"67":{"start":{"line":51,"column":131},"end":{"line":53,"column":67}},"68":{"start":{"line":53,"column":41},"end":{"line":53,"column":60}},"69":{"start":{"line":53,"column":60},"end":{"line":53,"column":66}},"70":{"start":{"line":53,"column":67},"end":{"line":53,"column":86}},"71":{"start":{"line":53,"column":86},"end":{"line":54,"column":65}},"72":{"start":{"line":54,"column":72},"end":{"line":54,"column":99}},"73":{"start":{"line":55,"column":16},"end":{"line":57,"column":17}},"74":{"start":{"line":56,"column":18},"end":{"line":56,"column":39}},"75":{"start":{"line":57,"column":24},"end":{"line":57,"column":44}},"76":{"start":{"line":57,"column":44},"end":{"line":57,"column":50}},"77":{"start":{"line":57,"column":57},"end":{"line":57,"column":76}},"78":{"start":{"line":57,"column":76},"end":{"line":57,"column":113}},"79":{"start":{"line":60,"column":16},"end":{"line":60,"column":86}},"80":{"start":{"line":61,"column":16},"end":{"line":61,"column":116}},"81":{"start":{"line":61,"column":135},"end":{"line":61,"column":159}},"82":{"start":{"line":65,"column":8},"end":{"line":65,"column":77}},"83":{"start":{"line":66,"column":8},"end":{"line":66,"column":48}},"84":{"start":{"line":70,"column":6},"end":{"line":70,"column":29}},"85":{"start":{"line":74,"column":6},"end":{"line":74,"column":70}},"86":{"start":{"line":77,"column":97},"end":{"line":105,"column":180}},"87":{"start":{"line":77,"column":173},"end":{"line":105,"column":154}},"88":{"start":{"line":77,"column":184},"end":{"line":105,"column":153}},"89":{"start":{"line":78,"column":14},"end":{"line":78,"column":180}},"90":{"start":{"line":78,"column":180},"end":{"line":78,"column":199}},"91":{"start":{"line":78,"column":199},"end":{"line":78,"column":218}},"92":{"start":{"line":78,"column":218},"end":{"line":80,"column":26}},"93":{"start":{"line":80,"column":33},"end":{"line":80,"column":59}},"94":{"start":{"line":80,"column":59},"end":{"line":80,"column":78}},"95":{"start":{"line":80,"column":78},"end":{"line":81,"column":31}},"96":{"start":{"line":81,"column":38},"end":{"line":81,"column":60}},"97":{"start":{"line":81,"column":60},"end":{"line":82,"column":65}},"98":{"start":{"line":82,"column":38},"end":{"line":82,"column":58}},"99":{"start":{"line":82,"column":58},"end":{"line":82,"column":64}},"100":{"start":{"line":83,"column":14},"end":{"line":83,"column":94}},"101":{"start":{"line":83,"column":94},"end":{"line":84,"column":64}},"102":{"start":{"line":86,"column":14},"end":{"line":86,"column":70}},"103":{"start":{"line":87,"column":14},"end":{"line":92,"column":24}},"104":{"start":{"line":87,"column":62},"end":{"line":92,"column":22}},"105":{"start":{"line":89,"column":20},"end":{"line":91,"column":21}},"106":{"start":{"line":90,"column":22},"end":{"line":90,"column":36}},"107":{"start":{"line":94,"column":14},"end":{"line":103,"column":21}},"108":{"start":{"line":103,"column":21},"end":{"line":105,"column":25}},"109":{"start":{"line":105,"column":33},"end":{"line":105,"column":53}},"110":{"start":{"line":105,"column":53},"end":{"line":105,"column":90}},"111":{"start":{"line":105,"column":90},"end":{"line":105,"column":109}},"112":{"start":{"line":105,"column":128},"end":{"line":105,"column":152}},"113":{"start":{"line":105,"column":186},"end":{"line":105,"column":209}},"114":{"start":{"line":105,"column":213},"end":{"line":105,"column":247}}},"fnMap":{"0":{"name":"(anonymous_0)","decl":{"start":{"line":8,"column":18},"end":{"line":8,"column":19}},"loc":{"start":{"line":8,"column":30},"end":{"line":105,"column":210}},"line":8},"1":{"name":"LocationManager","decl":{"start":{"line":8,"column":40},"end":{"line":8,"column":55}},"loc":{"start":{"line":8,"column":58},"end":{"line":9,"column":20}},"line":8},"2":{"name":"permissionRequest","decl":{"start":{"line":9,"column":109},"end":{"line":9,"column":126}},"loc":{"start":{"line":9,"column":129},"end":{"line":15,"column":170}},"line":9},"3":{"name":"permissionRequest$","decl":{"start":{"line":9,"column":197},"end":{"line":9,"column":215}},"loc":{"start":{"line":9,"column":226},"end":{"line":15,"column":167}},"line":9},"4":{"name":"getCurrentLocation","decl":{"start":{"line":15,"column":219},"end":{"line":15,"column":237}},"loc":{"start":{"line":15,"column":240},"end":{"line":44,"column":78}},"line":15},"5":{"name":"getCurrentLocation$","decl":{"start":{"line":15,"column":301},"end":{"line":15,"column":320}},"loc":{"start":{"line":15,"column":332},"end":{"line":44,"column":63}},"line":15},"6":{"name":"(anonymous_6)","decl":{"start":{"line":22,"column":26},"end":{"line":22,"column":27}},"loc":{"start":{"line":22,"column":53},"end":{"line":44,"column":15}},"line":22},"7":{"name":"_callee","decl":{"start":{"line":24,"column":25},"end":{"line":24,"column":32}},"loc":{"start":{"line":24,"column":43},"end":{"line":35,"column":179}},"line":24},"8":{"name":"_callee$","decl":{"start":{"line":24,"column":139},"end":{"line":24,"column":147}},"loc":{"start":{"line":24,"column":159},"end":{"line":35,"column":154}},"line":24},"9":{"name":"(anonymous_9)","decl":{"start":{"line":38,"column":16},"end":{"line":38,"column":17}},"loc":{"start":{"line":38,"column":33},"end":{"line":41,"column":17}},"line":38},"10":{"name":"watchPosition","decl":{"start":{"line":44,"column":122},"end":{"line":44,"column":135}},"loc":{"start":{"line":47,"column":15},"end":{"line":71,"column":5}},"line":47},"11":{"name":"_callee2","decl":{"start":{"line":50,"column":15},"end":{"line":50,"column":23}},"loc":{"start":{"line":50,"column":34},"end":{"line":61,"column":187}},"line":50},"12":{"name":"_callee2$","decl":{"start":{"line":50,"column":132},"end":{"line":50,"column":141}},"loc":{"start":{"line":50,"column":153},"end":{"line":61,"column":162}},"line":50},"13":{"name":"(anonymous_13)","decl":{"start":{"line":64,"column":6},"end":{"line":64,"column":7}},"loc":{"start":{"line":64,"column":23},"end":{"line":67,"column":7}},"line":64},"14":{"name":"stopWatching","decl":{"start":{"line":71,"column":48},"end":{"line":71,"column":60}},"loc":{"start":{"line":73,"column":4},"end":{"line":75,"column":5}},"line":73},"15":{"name":"getGeocodingResults","decl":{"start":{"line":75,"column":55},"end":{"line":75,"column":74}},"loc":{"start":{"line":77,"column":25},"end":{"line":105,"column":181}},"line":77},"16":{"name":"getGeocodingResults$","decl":{"start":{"line":77,"column":140},"end":{"line":77,"column":160}},"loc":{"start":{"line":77,"column":172},"end":{"line":105,"column":155}},"line":77},"17":{"name":"filterFunction","decl":{"start":{"line":87,"column":40},"end":{"line":87,"column":54}},"loc":{"start":{"line":87,"column":61},"end":{"line":92,"column":23}},"line":87},"18":{"name":"(anonymous_18)","decl":{"start":{"line":88,"column":44},"end":{"line":88,"column":45}},"loc":{"start":{"line":88,"column":62},"end":{"line":92,"column":19}},"line":88}},"branchMap":{"0":{"loc":{"start":{"line":9,"column":238},"end":{"line":15,"column":165}},"type":"switch","locations":[{"start":{"line":9,"column":278},"end":{"line":13,"column":121}},{"start":{"line":13,"column":121},"end":{"line":15,"column":123}},{"start":{"line":15,"column":123},"end":{"line":15,"column":130}},{"start":{"line":15,"column":130},"end":{"line":15,"column":164}}],"line":9},"1":{"loc":{"start":{"line":9,"column":285},"end":{"line":12,"column":81}},"type":"if","locations":[{"start":{"line":9,"column":285},"end":{"line":12,"column":81}},{"start":{"line":9,"column":285},"end":{"line":12,"column":81}}],"line":9},"2":{"loc":{"start":{"line":13,"column":164},"end":{"line":14,"column":61}},"type":"if","locations":[{"start":{"line":13,"column":164},"end":{"line":14,"column":61}},{"start":{"line":13,"column":164},"end":{"line":14,"column":61}}],"line":13},"3":{"loc":{"start":{"line":15,"column":344},"end":{"line":44,"column":61}},"type":"switch","locations":[{"start":{"line":15,"column":386},"end":{"line":44,"column":18}},{"start":{"line":44,"column":18},"end":{"line":44,"column":25}},{"start":{"line":44,"column":25},"end":{"line":44,"column":60}}],"line":15},"4":{"loc":{"start":{"line":24,"column":171},"end":{"line":35,"column":152}},"type":"switch","locations":[{"start":{"line":24,"column":213},"end":{"line":28,"column":74}},{"start":{"line":28,"column":74},"end":{"line":31,"column":27}},{"start":{"line":31,"column":27},"end":{"line":31,"column":60}},{"start":{"line":31,"column":60},"end":{"line":35,"column":108}},{"start":{"line":35,"column":108},"end":{"line":35,"column":116}},{"start":{"line":35,"column":116},"end":{"line":35,"column":151}}],"line":24},"5":{"loc":{"start":{"line":25,"column":139},"end":{"line":27,"column":77}},"type":"if","locations":[{"start":{"line":25,"column":139},"end":{"line":27,"column":77}},{"start":{"line":25,"column":139},"end":{"line":27,"column":77}}],"line":25},"6":{"loc":{"start":{"line":27,"column":26},"end":{"line":27,"column":47}},"type":"binary-expr","locations":[{"start":{"line":27,"column":26},"end":{"line":27,"column":34}},{"start":{"line":27,"column":38},"end":{"line":27,"column":47}}],"line":27},"7":{"loc":{"start":{"line":29,"column":26},"end":{"line":31,"column":27}},"type":"if","locations":[{"start":{"line":29,"column":26},"end":{"line":31,"column":27}},{"start":{"line":29,"column":26},"end":{"line":31,"column":27}}],"line":29},"8":{"loc":{"start":{"line":50,"column":165},"end":{"line":61,"column":160}},"type":"switch","locations":[{"start":{"line":50,"column":207},"end":{"line":54,"column":65}},{"start":{"line":54,"column":65},"end":{"line":57,"column":17}},{"start":{"line":57,"column":17},"end":{"line":57,"column":50}},{"start":{"line":57,"column":50},"end":{"line":61,"column":116}},{"start":{"line":61,"column":116},"end":{"line":61,"column":124}},{"start":{"line":61,"column":124},"end":{"line":61,"column":159}}],"line":50},"9":{"loc":{"start":{"line":51,"column":131},"end":{"line":53,"column":67}},"type":"if","locations":[{"start":{"line":51,"column":131},"end":{"line":53,"column":67}},{"start":{"line":51,"column":131},"end":{"line":53,"column":67}}],"line":51},"10":{"loc":{"start":{"line":53,"column":16},"end":{"line":53,"column":37}},"type":"binary-expr","locations":[{"start":{"line":53,"column":16},"end":{"line":53,"column":24}},{"start":{"line":53,"column":28},"end":{"line":53,"column":37}}],"line":53},"11":{"loc":{"start":{"line":55,"column":16},"end":{"line":57,"column":17}},"type":"if","locations":[{"start":{"line":55,"column":16},"end":{"line":57,"column":17}},{"start":{"line":55,"column":16},"end":{"line":57,"column":17}}],"line":55},"12":{"loc":{"start":{"line":77,"column":184},"end":{"line":105,"column":153}},"type":"switch","locations":[{"start":{"line":77,"column":226},"end":{"line":80,"column":26}},{"start":{"line":80,"column":26},"end":{"line":81,"column":31}},{"start":{"line":81,"column":31},"end":{"line":84,"column":64}},{"start":{"line":84,"column":64},"end":{"line":105,"column":25}},{"start":{"line":105,"column":25},"end":{"line":105,"column":109}},{"start":{"line":105,"column":109},"end":{"line":105,"column":117}},{"start":{"line":105,"column":117},"end":{"line":105,"column":152}}],"line":77},"13":{"loc":{"start":{"line":81,"column":60},"end":{"line":82,"column":65}},"type":"if","locations":[{"start":{"line":81,"column":60},"end":{"line":82,"column":65}},{"start":{"line":81,"column":60},"end":{"line":82,"column":65}}],"line":81},"14":{"loc":{"start":{"line":89,"column":20},"end":{"line":91,"column":21}},"type":"if","locations":[{"start":{"line":89,"column":20},"end":{"line":91,"column":21}},{"start":{"line":89,"column":20},"end":{"line":91,"column":21}}],"line":89},"15":{"loc":{"start":{"line":95,"column":31},"end":{"line":95,"column":125}},"type":"binary-expr","locations":[{"start":{"line":95,"column":31},"end":{"line":95,"column":63}},{"start":{"line":95,"column":67},"end":{"line":95,"column":119}},{"start":{"line":95,"column":123},"end":{"line":95,"column":125}}],"line":95},"16":{"loc":{"start":{"line":97,"column":16},"end":{"line":99,"column":18}},"type":"binary-expr","locations":[{"start":{"line":97,"column":16},"end":{"line":97,"column":68}},{"start":{"line":98,"column":16},"end":{"line":98,"column":88}},{"start":{"line":99,"column":16},"end":{"line":99,"column":18}}],"line":97},"17":{"loc":{"start":{"line":101,"column":16},"end":{"line":103,"column":18}},"type":"binary-expr","locations":[{"start":{"line":101,"column":16},"end":{"line":101,"column":68}},{"start":{"line":102,"column":16},"end":{"line":102,"column":88}},{"start":{"line":103,"column":16},"end":{"line":103,"column":18}}],"line":101}},"s":{"0":1,"1":1,"2":1,"3":1,"4":1,"5":1,"6":1,"7":1,"8":1,"9":1,"10":1,"11":1,"12":1,"13":1,"14":0,"15":0,"16":0,"17":0,"18":0,"19":0,"20":0,"21":0,"22":0,"23":0,"24":0,"25":0,"26":0,"27":0,"28":0,"29":0,"30":0,"31":0,"32":0,"33":0,"34":0,"35":0,"36":0,"37":0,"38":0,"39":0,"40":0,"41":0,"42":0,"43":0,"44":0,"45":0,"46":0,"47":0,"48":0,"49":0,"50":0,"51":0,"52":0,"53":0,"54":0,"55":0,"56":0,"57":0,"58":0,"59":0,"60":0,"61":0,"62":0,"63":0,"64":0,"65":0,"66":0,"67":0,"68":0,"69":0,"70":0,"71":0,"72":0,"73":0,"74":0,"75":0,"76":0,"77":0,"78":0,"79":0,"80":0,"81":0,"82":0,"83":0,"84":0,"85":0,"86":0,"87":0,"88":0,"89":0,"90":0,"91":0,"92":0,"93":0,"94":0,"95":0,"96":0,"97":0,"98":0,"99":0,"100":0,"101":0,"102":0,"103":0,"104":0,"105":0,"106":0,"107":0,"108":0,"109":0,"110":0,"111":0,"112":0,"113":1,"114":1},"f":{"0":1,"1":1,"2":0,"3":0,"4":0,"5":0,"6":0,"7":0,"8":0,"9":0,"10":0,"11":0,"12":0,"13":0,"14":0,"15":0,"16":0,"17":0,"18":0},"b":{"0":[0,0,0,0],"1":[0,0],"2":[0,0],"3":[0,0,0],"4":[0,0,0,0,0,0],"5":[0,0],"6":[0,0],"7":[0,0],"8":[0,0,0,0,0,0],"9":[0,0],"10":[0,0],"11":[0,0],"12":[0,0,0,0,0,0,0],"13":[0,0],"14":[0,0],"15":[0,0,0],"16":[0,0,0],"17":[0,0,0]},"inputSourceMap":null,"_coverageSchema":"1a1c01bbd47fc00a2c39e90264f33305004495a9","hash":"9593ab027fdcc64bdcc7b4999fff5d1f0c81f903"}
,"/Users/klewandowski/Documents/Projects/RoadTripApp/src/services/NotificationService.tsx": {"path":"/Users/klewandowski/Documents/Projects/RoadTripApp/src/services/NotificationService.tsx","statementMap":{"0":{"start":{"line":1,"column":42},"end":{"line":1,"column":97}},"1":{"start":{"line":1,"column":98},"end":{"line":1,"column":160}},"2":{"start":{"line":1,"column":160},"end":{"line":1,"column":185}},"3":{"start":{"line":1,"column":208},"end":{"line":1,"column":280}},"4":{"start":{"line":1,"column":304},"end":{"line":1,"column":376}},"5":{"start":{"line":1,"column":397},"end":{"line":1,"column":466}},"6":{"start":{"line":1,"column":502},"end":{"line":1,"column":567}},"7":{"start":{"line":1,"column":621},"end":{"line":1,"column":640}},"8":{"start":{"line":1,"column":641},"end":{"line":1,"column":886}},"9":{"start":{"line":1,"column":690},"end":{"line":1,"column":726}},"10":{"start":{"line":1,"column":727},"end":{"line":1,"column":854}},"11":{"start":{"line":1,"column":747},"end":{"line":1,"column":854}},"12":{"start":{"line":1,"column":788},"end":{"line":1,"column":851}},"13":{"start":{"line":1,"column":854},"end":{"line":1,"column":885}},"14":{"start":{"line":1,"column":886},"end":{"line":1,"column":898}},"15":{"start":{"line":1,"column":931},"end":{"line":1,"column":1400}},"16":{"start":{"line":1,"column":944},"end":{"line":1,"column":945}},"17":{"start":{"line":1,"column":988},"end":{"line":1,"column":1028}},"18":{"start":{"line":1,"column":1029},"end":{"line":1,"column":1399}},"19":{"start":{"line":1,"column":1041},"end":{"line":1,"column":1146}},"20":{"start":{"line":1,"column":1087},"end":{"line":1,"column":1143}},"21":{"start":{"line":1,"column":1153},"end":{"line":1,"column":1399}},"22":{"start":{"line":1,"column":1192},"end":{"line":1,"column":1266}},"23":{"start":{"line":1,"column":1274},"end":{"line":1,"column":1398}},"24":{"start":{"line":1,"column":1314},"end":{"line":1,"column":1395}},"25":{"start":{"line":1,"column":1400},"end":{"line":1,"column":1414}},"26":{"start":{"line":3,"column":22},"end":{"line":67,"column":40}},"27":{"start":{"line":28,"column":34},"end":{"line":28,"column":91}},"28":{"start":{"line":28,"column":91},"end":{"line":28,"column":308}},"29":{"start":{"line":29,"column":4},"end":{"line":29,"column":21}},"30":{"start":{"line":30,"column":3},"end":{"line":67,"column":10}},"31":{"start":{"line":33,"column":6},"end":{"line":40,"column":27}},"32":{"start":{"line":47,"column":6},"end":{"line":50,"column":29}},"33":{"start":{"line":55,"column":6},"end":{"line":55,"column":73}},"34":{"start":{"line":60,"column":6},"end":{"line":65,"column":31}},"35":{"start":{"line":67,"column":10},"end":{"line":67,"column":37}},"36":{"start":{"line":67,"column":41},"end":{"line":67,"column":79}}},"fnMap":{"0":{"name":"ownKeys","decl":{"start":{"line":1,"column":577},"end":{"line":1,"column":584}},"loc":{"start":{"line":1,"column":609},"end":{"line":1,"column":899}},"line":1},"1":{"name":"(anonymous_1)","decl":{"start":{"line":1,"column":772},"end":{"line":1,"column":773}},"loc":{"start":{"line":1,"column":787},"end":{"line":1,"column":852}},"line":1},"2":{"name":"_objectSpread","decl":{"start":{"line":1,"column":908},"end":{"line":1,"column":921}},"loc":{"start":{"line":1,"column":930},"end":{"line":1,"column":1415}},"line":1},"3":{"name":"(anonymous_3)","decl":{"start":{"line":1,"column":1071},"end":{"line":1,"column":1072}},"loc":{"start":{"line":1,"column":1086},"end":{"line":1,"column":1144}},"line":1},"4":{"name":"(anonymous_4)","decl":{"start":{"line":1,"column":1298},"end":{"line":1,"column":1299}},"loc":{"start":{"line":1,"column":1313},"end":{"line":1,"column":1396}},"line":1},"5":{"name":"(anonymous_5)","decl":{"start":{"line":3,"column":22},"end":{"line":3,"column":23}},"loc":{"start":{"line":3,"column":34},"end":{"line":67,"column":38}},"line":3},"6":{"name":"NotificationService","decl":{"start":{"line":28,"column":11},"end":{"line":28,"column":30}},"loc":{"start":{"line":28,"column":33},"end":{"line":30,"column":3}},"line":28},"7":{"name":"configure","decl":{"start":{"line":30,"column":88},"end":{"line":30,"column":97}},"loc":{"start":{"line":32,"column":4},"end":{"line":43,"column":5}},"line":32},"8":{"name":"onNotification","decl":{"start":{"line":36,"column":33},"end":{"line":36,"column":47}},"loc":{"start":{"line":36,"column":50},"end":{"line":36,"column":52}},"line":36},"9":{"name":"localNotification","decl":{"start":{"line":43,"column":53},"end":{"line":43,"column":70}},"loc":{"start":{"line":45,"column":20},"end":{"line":52,"column":5}},"line":45},"10":{"name":"cancelNotifications","decl":{"start":{"line":52,"column":55},"end":{"line":52,"column":74}},"loc":{"start":{"line":54,"column":4},"end":{"line":56,"column":5}},"line":54},"11":{"name":"scheduledNotification","decl":{"start":{"line":56,"column":57},"end":{"line":56,"column":78}},"loc":{"start":{"line":59,"column":20},"end":{"line":67,"column":5}},"line":59}},"branchMap":{"0":{"loc":{"start":{"line":1,"column":641},"end":{"line":1,"column":886}},"type":"if","locations":[{"start":{"line":1,"column":641},"end":{"line":1,"column":886}},{"start":{"line":1,"column":641},"end":{"line":1,"column":886}}],"line":1},"1":{"loc":{"start":{"line":1,"column":727},"end":{"line":1,"column":854}},"type":"if","locations":[{"start":{"line":1,"column":727},"end":{"line":1,"column":854}},{"start":{"line":1,"column":727},"end":{"line":1,"column":854}}],"line":1},"2":{"loc":{"start":{"line":1,"column":988},"end":{"line":1,"column":1028}},"type":"cond-expr","locations":[{"start":{"line":1,"column":1011},"end":{"line":1,"column":1023}},{"start":{"line":1,"column":1026},"end":{"line":1,"column":1028}}],"line":1},"3":{"loc":{"start":{"line":1,"column":1029},"end":{"line":1,"column":1399}},"type":"if","locations":[{"start":{"line":1,"column":1029},"end":{"line":1,"column":1399}},{"start":{"line":1,"column":1029},"end":{"line":1,"column":1399}}],"line":1},"4":{"loc":{"start":{"line":1,"column":1153},"end":{"line":1,"column":1399}},"type":"if","locations":[{"start":{"line":1,"column":1153},"end":{"line":1,"column":1399}},{"start":{"line":1,"column":1153},"end":{"line":1,"column":1399}}],"line":1}},"s":{"0":1,"1":1,"2":1,"3":1,"4":1,"5":1,"6":1,"7":1,"8":1,"9":1,"10":1,"11":1,"12":0,"13":1,"14":1,"15":1,"16":1,"17":2,"18":2,"19":1,"20":10,"21":1,"22":1,"23":0,"24":0,"25":1,"26":1,"27":1,"28":1,"29":1,"30":1,"31":1,"32":0,"33":1,"34":1,"35":1,"36":1},"f":{"0":1,"1":0,"2":1,"3":10,"4":0,"5":1,"6":1,"7":1,"8":0,"9":0,"10":1,"11":1},"b":{"0":[1,0],"1":[1,0],"2":[2,0],"3":[1,1],"4":[1,0]},"inputSourceMap":null,"_coverageSchema":"1a1c01bbd47fc00a2c39e90264f33305004495a9","hash":"1289df5ca1db8d3d16919073afdb7d850ad65fef"}
,"/Users/klewandowski/Documents/Projects/RoadTripApp/src/services/index.ts": {"path":"/Users/klewandowski/Documents/Projects/RoadTripApp/src/services/index.ts","statementMap":{"0":{"start":{"line":1,"column":42},"end":{"line":1,"column":97}},"1":{"start":{"line":1,"column":98},"end":{"line":1,"column":160}},"2":{"start":{"line":1,"column":179},"end":{"line":1,"column":231}},"3":{"start":{"line":1,"column":232},"end":{"line":1,"column":295}},"4":{"start":{"line":1,"column":319},"end":{"line":1,"column":371}},"5":{"start":{"line":2,"column":28},"end":{"line":2,"column":84}},"6":{"start":{"line":6,"column":23},"end":{"line":6,"column":51}},"7":{"start":{"line":6,"column":52},"end":{"line":6,"column":342}},"8":{"start":{"line":6,"column":106},"end":{"line":6,"column":160}},"9":{"start":{"line":6,"column":153},"end":{"line":6,"column":160}},"10":{"start":{"line":6,"column":160},"end":{"line":6,"column":228}},"11":{"start":{"line":6,"column":221},"end":{"line":6,"column":228}},"12":{"start":{"line":6,"column":228},"end":{"line":6,"column":339}},"13":{"start":{"line":6,"column":305},"end":{"line":6,"column":334}},"14":{"start":{"line":6,"column":364},"end":{"line":6,"column":395}},"15":{"start":{"line":6,"column":396},"end":{"line":6,"column":438}},"16":{"start":{"line":6,"column":464},"end":{"line":6,"column":499}},"17":{"start":{"line":6,"column":500},"end":{"line":6,"column":550}}},"fnMap":{"0":{"name":"(anonymous_0)","decl":{"start":{"line":6,"column":90},"end":{"line":6,"column":91}},"loc":{"start":{"line":6,"column":105},"end":{"line":6,"column":340}},"line":6},"1":{"name":"get","decl":{"start":{"line":6,"column":298},"end":{"line":6,"column":301}},"loc":{"start":{"line":6,"column":304},"end":{"line":6,"column":335}},"line":6}},"branchMap":{"0":{"loc":{"start":{"line":6,"column":106},"end":{"line":6,"column":160}},"type":"if","locations":[{"start":{"line":6,"column":106},"end":{"line":6,"column":160}},{"start":{"line":6,"column":106},"end":{"line":6,"column":160}}],"line":6},"1":{"loc":{"start":{"line":6,"column":110},"end":{"line":6,"column":151}},"type":"binary-expr","locations":[{"start":{"line":6,"column":110},"end":{"line":6,"column":127}},{"start":{"line":6,"column":131},"end":{"line":6,"column":151}}],"line":6},"2":{"loc":{"start":{"line":6,"column":160},"end":{"line":6,"column":228}},"type":"if","locations":[{"start":{"line":6,"column":160},"end":{"line":6,"column":228}},{"start":{"line":6,"column":160},"end":{"line":6,"column":228}}],"line":6}},"s":{"0":1,"1":1,"2":1,"3":1,"4":1,"5":1,"6":1,"7":1,"8":3,"9":0,"10":3,"11":0,"12":3,"13":0,"14":1,"15":1,"16":1,"17":1},"f":{"0":3,"1":0},"b":{"0":[0,3],"1":[3,3],"2":[0,3]},"inputSourceMap":null,"_coverageSchema":"1a1c01bbd47fc00a2c39e90264f33305004495a9","hash":"482582eff4ebf2895a005c0a265915f94f905029"}
}
