TN:
SF:src/api/GameData.tsx
FN:9,(anonymous_0)
FN:9,GameData
FN:11,setQuizzes
FN:23,setChallenges
FN:27,reset
FN:32,get
FN:32,get
FNF:7
FNH:7
FNDA:1,(anonymous_0)
FNDA:1,GameData
FNDA:2,setQuizzes
FNDA:1,setChallenges
FNDA:1,reset
FNDA:6,get
FNDA:5,get
DA:1,1
DA:5,1
DA:7,1
DA:9,1
DA:10,1
DA:11,1
DA:22,2
DA:26,1
DA:30,1
DA:31,1
DA:32,6
DA:35,1
LF:12
LH:12
BRF:0
BRH:0
end_of_record
TN:
SF:src/api/GameSettings.tsx
FN:3,ownKeys
FN:3,(anonymous_1)
FN:3,_objectSpread
FN:3,(anonymous_3)
FN:3,(anonymous_4)
FN:15,(anonymous_5)
FN:15,GameSettings
FN:23,setAnsweredQuestions
FN:38,setIsLocationChanged
FN:50,setIsGameActive
FN:58,setScore
FN:66,setBadges
FN:74,setReminder
FN:90,setLocationNotification
FN:98,reset
FN:109,get
FN:109,get
FN:109,get
FN:109,get
FN:109,get
FN:109,get
FN:109,get
FN:109,get
FNF:23
FNH:20
FNDA:1,ownKeys
FNDA:0,(anonymous_1)
FNDA:1,_objectSpread
FNDA:0,(anonymous_3)
FNDA:0,(anonymous_4)
FNDA:1,(anonymous_5)
FNDA:1,GameSettings
FNDA:1,setAnsweredQuestions
FNDA:1,setIsLocationChanged
FNDA:1,setIsGameActive
FNDA:2,setScore
FNDA:2,setBadges
FNDA:2,setReminder
FNDA:1,setLocationNotification
FNDA:1,reset
FNDA:3,get
FNDA:3,get
FNDA:3,get
FNDA:3,get
FNDA:3,get
FNDA:3,get
FNDA:4,get
FNDA:3,get
DA:1,1
DA:2,1
DA:3,2
DA:5,1
DA:13,1
DA:15,1
DA:16,1
DA:17,1
DA:18,1
DA:19,1
DA:20,1
DA:21,1
DA:22,1
DA:23,1
DA:30,1
DA:31,1
DA:49,1
DA:57,1
DA:65,2
DA:73,2
DA:81,2
DA:82,1
DA:87,1
DA:89,2
DA:97,1
DA:101,1
DA:102,1
DA:103,1
DA:104,1
DA:105,1
DA:106,1
DA:107,1
DA:108,1
DA:109,4
DA:112,1
LF:35
LH:35
BRDA:3,0,0,1
BRDA:3,0,1,0
BRDA:3,1,0,1
BRDA:3,1,1,0
BRDA:3,2,0,1
BRDA:3,2,1,1
BRDA:3,3,0,1
BRDA:3,3,1,1
BRDA:3,4,0,1
BRDA:3,4,1,0
BRDA:33,5,0,0
BRDA:33,5,1,1
BRDA:33,6,0,1
BRDA:33,6,1,0
BRDA:36,7,0,0
BRDA:36,7,1,1
BRDA:36,8,0,1
BRDA:36,8,1,0
BRDA:81,9,0,1
BRDA:81,9,1,1
BRF:20
BRH:13
end_of_record
TN:
SF:src/api/Location.tsx
FN:10,(anonymous_0)
FN:10,Location
FN:15,setLocationData
FN:33,reset
FN:39,get
FN:39,get
FN:39,get
FNF:7
FNH:7
FNDA:1,(anonymous_0)
FNDA:1,Location
FNDA:2,setLocationData
FNDA:1,reset
FNDA:3,get
FNDA:3,get
FNDA:3,get
DA:1,1
DA:5,1
DA:8,1
DA:10,1
DA:11,1
DA:13,1
DA:15,1
DA:30,2
DA:31,2
DA:32,2
DA:36,1
DA:37,1
DA:38,1
DA:39,3
DA:42,1
LF:15
LH:15
BRF:0
BRH:0
end_of_record
TN:
SF:src/locale/en.js
FNF:0
FNH:0
DA:1,1
LF:1
LH:1
BRF:0
BRH:0
end_of_record
TN:
SF:src/locale/i18n.ts
FN:11,detect
FN:12,init
FN:13,cacheUserLanguage
FNF:3
FNH:2
FNDA:0,detect
FNDA:1,init
FNDA:1,cacheUserLanguage
DA:1,1
DA:2,1
DA:3,1
DA:8,1
DA:11,0
DA:12,1
DA:13,1
DA:16,1
DA:31,1
LF:9
LH:8
BRF:0
BRH:0
end_of_record
TN:
SF:src/locale/index.ts
FN:1,get
FNF:1
FNH:1
FNDA:2,get
DA:1,2
LF:1
LH:1
BRF:0
BRH:0
end_of_record
TN:
SF:src/locale/pl.js
FNF:0
FNH:0
DA:1,1
LF:1
LH:1
BRF:0
BRH:0
end_of_record
TN:
SF:src/services/FirebaseService.tsx
FN:4,reportError
FN:11,logToCrashlytics
FN:18,logEvent
FNF:3
FNH:0
FNDA:0,reportError
FNDA:0,logToCrashlytics
FNDA:0,logEvent
DA:1,1
DA:2,1
DA:4,1
DA:5,0
DA:6,0
DA:8,0
DA:9,1
DA:11,1
DA:12,0
DA:13,0
DA:15,0
DA:16,1
DA:18,1
DA:19,0
DA:20,0
DA:22,0
DA:23,1
LF:17
LH:8
BRDA:5,0,0,0
BRDA:5,0,1,0
BRDA:12,1,0,0
BRDA:12,1,1,0
BRDA:19,2,0,0
BRDA:19,2,1,0
BRF:6
BRH:0
end_of_record
TN:
SF:src/services/LocationManager.tsx
FN:8,(anonymous_0)
FN:8,LocationManager
FN:9,permissionRequest
FN:9,permissionRequest$
FN:15,getCurrentLocation
FN:15,getCurrentLocation$
FN:22,(anonymous_6)
FN:24,_callee
FN:24,_callee$
FN:38,(anonymous_9)
FN:44,watchPosition
FN:50,_callee2
FN:50,_callee2$
FN:64,(anonymous_13)
FN:71,stopWatching
FN:75,getGeocodingResults
FN:77,getGeocodingResults$
FN:87,filterFunction
FN:88,(anonymous_18)
FNF:19
FNH:2
FNDA:1,(anonymous_0)
FNDA:1,LocationManager
FNDA:0,permissionRequest
FNDA:0,permissionRequest$
FNDA:0,getCurrentLocation
FNDA:0,getCurrentLocation$
FNDA:0,(anonymous_6)
FNDA:0,_callee
FNDA:0,_callee$
FNDA:0,(anonymous_9)
FNDA:0,watchPosition
FNDA:0,_callee2
FNDA:0,_callee2$
FNDA:0,(anonymous_13)
FNDA:0,stopWatching
FNDA:0,getGeocodingResults
FNDA:0,getGeocodingResults$
FNDA:0,filterFunction
FNDA:0,(anonymous_18)
DA:1,1
DA:2,1
DA:3,1
DA:4,1
DA:6,1
DA:8,1
DA:9,1
DA:12,0
DA:13,0
DA:14,0
DA:15,0
DA:21,0
DA:23,0
DA:24,0
DA:25,0
DA:27,0
DA:28,0
DA:29,0
DA:30,0
DA:31,0
DA:34,0
DA:35,0
DA:39,0
DA:40,0
DA:44,0
DA:47,0
DA:48,0
DA:49,0
DA:50,0
DA:51,0
DA:53,0
DA:54,0
DA:55,0
DA:56,0
DA:57,0
DA:60,0
DA:61,0
DA:65,0
DA:66,0
DA:70,0
DA:74,0
DA:77,0
DA:78,0
DA:80,0
DA:81,0
DA:82,0
DA:83,0
DA:86,0
DA:87,0
DA:89,0
DA:90,0
DA:94,0
DA:103,0
DA:105,1
LF:54
LH:8
BRDA:9,0,0,0
BRDA:9,0,1,0
BRDA:9,0,2,0
BRDA:9,0,3,0
BRDA:9,1,0,0
BRDA:9,1,1,0
BRDA:13,2,0,0
BRDA:13,2,1,0
BRDA:15,3,0,0
BRDA:15,3,1,0
BRDA:15,3,2,0
BRDA:24,4,0,0
BRDA:24,4,1,0
BRDA:24,4,2,0
BRDA:24,4,3,0
BRDA:24,4,4,0
BRDA:24,4,5,0
BRDA:25,5,0,0
BRDA:25,5,1,0
BRDA:27,6,0,0
BRDA:27,6,1,0
BRDA:29,7,0,0
BRDA:29,7,1,0
BRDA:50,8,0,0
BRDA:50,8,1,0
BRDA:50,8,2,0
BRDA:50,8,3,0
BRDA:50,8,4,0
BRDA:50,8,5,0
BRDA:51,9,0,0
BRDA:51,9,1,0
BRDA:53,10,0,0
BRDA:53,10,1,0
BRDA:55,11,0,0
BRDA:55,11,1,0
BRDA:77,12,0,0
BRDA:77,12,1,0
BRDA:77,12,2,0
BRDA:77,12,3,0
BRDA:77,12,4,0
BRDA:77,12,5,0
BRDA:77,12,6,0
BRDA:81,13,0,0
BRDA:81,13,1,0
BRDA:89,14,0,0
BRDA:89,14,1,0
BRDA:95,15,0,0
BRDA:95,15,1,0
BRDA:95,15,2,0
BRDA:97,16,0,0
BRDA:97,16,1,0
BRDA:97,16,2,0
BRDA:101,17,0,0
BRDA:101,17,1,0
BRDA:101,17,2,0
BRF:55
BRH:0
end_of_record
TN:
SF:src/services/NotificationService.tsx
FN:1,ownKeys
FN:1,(anonymous_1)
FN:1,_objectSpread
FN:1,(anonymous_3)
FN:1,(anonymous_4)
FN:3,(anonymous_5)
FN:28,NotificationService
FN:30,configure
FN:36,onNotification
FN:43,localNotification
FN:52,cancelNotifications
FN:56,scheduledNotification
FNF:12
FNH:8
FNDA:1,ownKeys
FNDA:0,(anonymous_1)
FNDA:1,_objectSpread
FNDA:10,(anonymous_3)
FNDA:0,(anonymous_4)
FNDA:1,(anonymous_5)
FNDA:1,NotificationService
FNDA:1,configure
FNDA:0,onNotification
FNDA:0,localNotification
FNDA:1,cancelNotifications
FNDA:1,scheduledNotification
DA:1,10
DA:3,1
DA:28,1
DA:29,1
DA:30,1
DA:33,1
DA:47,0
DA:55,1
DA:60,1
DA:67,1
LF:10
LH:9
BRDA:1,0,0,1
BRDA:1,0,1,0
BRDA:1,1,0,1
BRDA:1,1,1,0
BRDA:1,2,0,2
BRDA:1,2,1,0
BRDA:1,3,0,1
BRDA:1,3,1,1
BRDA:1,4,0,1
BRDA:1,4,1,0
BRF:10
BRH:6
end_of_record
TN:
SF:src/services/index.ts
FN:6,(anonymous_0)
FN:6,get
FNF:2
FNH:1
FNDA:3,(anonymous_0)
FNDA:0,get
DA:1,1
DA:2,1
DA:6,3
LF:3
LH:3
BRDA:6,0,0,0
BRDA:6,0,1,3
BRDA:6,1,0,3
BRDA:6,1,1,3
BRDA:6,2,0,0
BRDA:6,2,1,3
BRF:6
BRH:4
end_of_record
